c:\users\znzz1\desktop\学习\cpp\coursework\cppcoursework2021-v102\debug\courseworkbase2020.bsc
c:\users\znzz1\desktop\学习\cpp\coursework\cppcoursework2021-v102\debug\vc142.pdb
c:\users\znzz1\desktop\学习\cpp\coursework\cppcoursework2021-v102\debug\baseenemyobject.sbr
c:\users\znzz1\desktop\学习\cpp\coursework\cppcoursework2021-v102\debug\basestate.sbr
c:\users\znzz1\desktop\学习\cpp\coursework\cppcoursework2021-v102\debug\bossenemyobject.sbr
c:\users\znzz1\desktop\学习\cpp\coursework\cppcoursework2021-v102\debug\bulletobject.sbr
c:\users\znzz1\desktop\学习\cpp\coursework\cppcoursework2021-v102\debug\draggingdemo.sbr
c:\users\znzz1\desktop\学习\cpp\coursework\cppcoursework2021-v102\debug\drawingsurface.sbr
c:\users\znzz1\desktop\学习\cpp\coursework\cppcoursework2021-v102\debug\eliteenemyobject.sbr
c:\users\znzz1\desktop\学习\cpp\coursework\cppcoursework2021-v102\debug\flashingdemo.sbr
c:\users\znzz1\desktop\学习\cpp\coursework\cppcoursework2021-v102\debug\gameengine.sbr
c:\users\znzz1\desktop\学习\cpp\coursework\cppcoursework2021-v102\debug\gamestate.sbr
c:\users\znzz1\desktop\学习\cpp\coursework\cppcoursework2021-v102\debug\gametilemanager.sbr
c:\users\znzz1\desktop\学习\cpp\coursework\cppcoursework2021-v102\debug\guidancestate.sbr
c:\users\znzz1\desktop\学习\cpp\coursework\cppcoursework2021-v102\debug\historystate.sbr
c:\users\znzz1\desktop\学习\cpp\coursework\cppcoursework2021-v102\debug\imagemappingdemo.sbr
c:\users\znzz1\desktop\学习\cpp\coursework\cppcoursework2021-v102\debug\initialstate.sbr
c:\users\znzz1\desktop\学习\cpp\coursework\cppcoursework2021-v102\debug\losestate.sbr
c:\users\znzz1\desktop\学习\cpp\coursework\cppcoursework2021-v102\debug\mainfunction.sbr
c:\users\znzz1\desktop\学习\cpp\coursework\cppcoursework2021-v102\debug\baseengine.sbr
c:\users\znzz1\desktop\学习\cpp\coursework\cppcoursework2021-v102\debug\displayableobject.sbr
c:\users\znzz1\desktop\学习\cpp\coursework\cppcoursework2021-v102\debug\fontmanager.sbr
c:\users\znzz1\desktop\学习\cpp\coursework\cppcoursework2021-v102\debug\fontmanager.obj
c:\users\znzz1\desktop\学习\cpp\coursework\cppcoursework2021-v102\debug\displayableobject.obj
c:\users\znzz1\desktop\学习\cpp\coursework\cppcoursework2021-v102\debug\baseengine.obj
c:\users\znzz1\desktop\学习\cpp\coursework\cppcoursework2021-v102\debug\mainfunction.obj
c:\users\znzz1\desktop\学习\cpp\coursework\cppcoursework2021-v102\debug\losestate.obj
c:\users\znzz1\desktop\学习\cpp\coursework\cppcoursework2021-v102\debug\initialstate.obj
c:\users\znzz1\desktop\学习\cpp\coursework\cppcoursework2021-v102\debug\imagemappingdemo.obj
c:\users\znzz1\desktop\学习\cpp\coursework\cppcoursework2021-v102\debug\historystate.obj
c:\users\znzz1\desktop\学习\cpp\coursework\cppcoursework2021-v102\debug\guidancestate.obj
c:\users\znzz1\desktop\学习\cpp\coursework\cppcoursework2021-v102\debug\gametilemanager.obj
c:\users\znzz1\desktop\学习\cpp\coursework\cppcoursework2021-v102\debug\gamestate.obj
c:\users\znzz1\desktop\学习\cpp\coursework\cppcoursework2021-v102\debug\gameengine.obj
c:\users\znzz1\desktop\学习\cpp\coursework\cppcoursework2021-v102\debug\flashingdemo.obj
c:\users\znzz1\desktop\学习\cpp\coursework\cppcoursework2021-v102\debug\eliteenemyobject.obj
c:\users\znzz1\desktop\学习\cpp\coursework\cppcoursework2021-v102\debug\drawingsurface.obj
c:\users\znzz1\desktop\学习\cpp\coursework\cppcoursework2021-v102\debug\draggingdemo.obj
c:\users\znzz1\desktop\学习\cpp\coursework\cppcoursework2021-v102\debug\bulletobject.obj
c:\users\znzz1\desktop\学习\cpp\coursework\cppcoursework2021-v102\debug\bossenemyobject.obj
c:\users\znzz1\desktop\学习\cpp\coursework\cppcoursework2021-v102\debug\basestate.obj
c:\users\znzz1\desktop\学习\cpp\coursework\cppcoursework2021-v102\debug\baseenemyobject.obj
c:\users\znzz1\desktop\学习\cpp\coursework\cppcoursework2021-v102\debug\regularenemyobject.sbr
c:\users\znzz1\desktop\学习\cpp\coursework\cppcoursework2021-v102\debug\uploadstate.sbr
c:\users\znzz1\desktop\学习\cpp\coursework\cppcoursework2021-v102\debug\userobject.sbr
c:\users\znzz1\desktop\学习\cpp\coursework\cppcoursework2021-v102\debug\simpleimage.sbr
c:\users\znzz1\desktop\学习\cpp\coursework\cppcoursework2021-v102\debug\simpledemo.sbr
c:\users\znzz1\desktop\学习\cpp\coursework\cppcoursework2021-v102\debug\starfielddemo.sbr
c:\users\znzz1\desktop\学习\cpp\coursework\cppcoursework2021-v102\debug\tilemanager.sbr
c:\users\znzz1\desktop\学习\cpp\coursework\cppcoursework2021-v102\debug\bouncingball.sbr
c:\users\znzz1\desktop\学习\cpp\coursework\cppcoursework2021-v102\debug\bouncingballmain.sbr
c:\users\znzz1\desktop\学习\cpp\coursework\cppcoursework2021-v102\debug\winstate.sbr
c:\users\znzz1\desktop\学习\cpp\coursework\cppcoursework2021-v102\debug\zoomingdemo.sbr
c:\users\znzz1\desktop\学习\cpp\coursework\cppcoursework2021-v102\debug\zoomingdemo.obj
c:\users\znzz1\desktop\学习\cpp\coursework\cppcoursework2021-v102\debug\winstate.obj
c:\users\znzz1\desktop\学习\cpp\coursework\cppcoursework2021-v102\debug\bouncingballmain.obj
c:\users\znzz1\desktop\学习\cpp\coursework\cppcoursework2021-v102\debug\bouncingball.obj
c:\users\znzz1\desktop\学习\cpp\coursework\cppcoursework2021-v102\debug\tilemanager.obj
c:\users\znzz1\desktop\学习\cpp\coursework\cppcoursework2021-v102\debug\starfielddemo.obj
c:\users\znzz1\desktop\学习\cpp\coursework\cppcoursework2021-v102\debug\simpledemo.obj
c:\users\znzz1\desktop\学习\cpp\coursework\cppcoursework2021-v102\debug\simpleimage.obj
c:\users\znzz1\desktop\学习\cpp\coursework\cppcoursework2021-v102\debug\userobject.obj
c:\users\znzz1\desktop\学习\cpp\coursework\cppcoursework2021-v102\debug\uploadstate.obj
c:\users\znzz1\desktop\学习\cpp\coursework\cppcoursework2021-v102\debug\regularenemyobject.obj
c:\users\znzz1\desktop\学习\cpp\coursework\cppcoursework2021-v102\debug\mazedemomain.sbr
c:\users\znzz1\desktop\学习\cpp\coursework\cppcoursework2021-v102\debug\mazedemoobject.sbr
c:\users\znzz1\desktop\学习\cpp\coursework\cppcoursework2021-v102\debug\mazedemotilemanager.sbr
c:\users\znzz1\desktop\学习\cpp\coursework\cppcoursework2021-v102\debug\mazedemotilemanager.obj
c:\users\znzz1\desktop\学习\cpp\coursework\cppcoursework2021-v102\debug\mazedemoobject.obj
c:\users\znzz1\desktop\学习\cpp\coursework\cppcoursework2021-v102\debug\mazedemomain.obj
c:\users\znzz1\desktop\学习\cpp\coursework\cppcoursework2021-v102\debug\courseworkbase2020.exe
c:\users\znzz1\desktop\学习\cpp\coursework\cppcoursework2021-v102\debug\courseworkbase2020.ilk
c:\users\znzz1\desktop\学习\cpp\coursework\cppcoursework2021-v102\src\map
c:\users\znzz1\desktop\学习\cpp\coursework\cppcoursework2021-v102\debug\courseworkbase2020.pdb
c:\users\znzz1\desktop\学习\cpp\coursework\cppcoursework2021-v102\debug\gamestates.obj
c:\users\znzz1\desktop\学习\cpp\coursework\cppcoursework2021-v102\debug\gamestates.sbr
c:\users\znzz1\desktop\学习\cpp\coursework\cppcoursework2021-v102\/debug\courseworkbase2020.pdb
c:\users\znzz1\desktop\学习\cpp\coursework\cppcoursework2021-v102\/debug\courseworkbase2020.bsc
c:\users\znzz1\desktop\学习\cpp\coursework\cppcoursework2021-v102\/debug\courseworkbase2020.ilk
c:\users\znzz1\desktop\学习\cpp\coursework\cppcoursework2021-v102\debug\coursewo.63f64093.tlog\bscmake.command.1.tlog
c:\users\znzz1\desktop\学习\cpp\coursework\cppcoursework2021-v102\debug\coursewo.63f64093.tlog\bscmake.read.1.tlog
c:\users\znzz1\desktop\学习\cpp\coursework\cppcoursework2021-v102\debug\coursewo.63f64093.tlog\bscmake.write.1.tlog
c:\users\znzz1\desktop\学习\cpp\coursework\cppcoursework2021-v102\debug\coursewo.63f64093.tlog\cl.command.1.tlog
c:\users\znzz1\desktop\学习\cpp\coursework\cppcoursework2021-v102\debug\coursewo.63f64093.tlog\cl.read.1.tlog
c:\users\znzz1\desktop\学习\cpp\coursework\cppcoursework2021-v102\debug\coursewo.63f64093.tlog\cl.write.1.tlog
c:\users\znzz1\desktop\学习\cpp\coursework\cppcoursework2021-v102\debug\coursewo.63f64093.tlog\link.command.1.tlog
c:\users\znzz1\desktop\学习\cpp\coursework\cppcoursework2021-v102\debug\coursewo.63f64093.tlog\link.read.1.tlog
c:\users\znzz1\desktop\学习\cpp\coursework\cppcoursework2021-v102\debug\coursewo.63f64093.tlog\link.write.1.tlog
